--------------------------------------------------------------------
|                            CLUSTER D                            |
--------------------------------------------------------------------
PELE version 1.7.1.MN_180620
PELE (Protein Energy Landscape Exploration)

Copyright 2010-2020 BARCELONA SUPERCOMPUTING CENTER.

See the COPYRIGHT file at the top-level directory of this distribution.

Documents already created
Data already created
Data and Documents check completed...
validation: PASS
Creating macro...
----Building Complex----
- Building a new chain.
----  Complex built ----
Running macro...

ENERGY BOND: 0.594502231666134
ENERGY BOND SGB: 237.697599139878
ENERGY ANGLE: 0.493890652763178
ENERGY ANGLE SGB: -118.443569983304
ENERGY TORSION: 0.114095080392904
ENERGY 14: -28.4472284487226
ENERGY 14 SGB: 51.3074071105042
ENERGY NBOND: 9.19422463890074
ENERGY NBOND SGB: -8.26297952394074
ENERGY CONSTRAINTS: 0
ENERGY VACUUM + SGB + CONSTRAINTS: 144.247940898138
ENERGY NON POLAR: -0.570827938111785
ENERGY SELF: -168.021821325337
ENERGY VACUUM + SGB + CONSTRAINTS + SELF + NON POLAR: -24.344708365311

---------------------------------------------
\(^o^)/ Macro ended successfully! \(^o^)/ 
---------------------------------------------
 
*******************************************************************
*******************************************************************
 
--------------------------------------------------------------------
|                            CLUSTER A                            |
--------------------------------------------------------------------
PELE version 1.7.1.MN_180620
PELE (Protein Energy Landscape Exploration)

Copyright 2010-2020 BARCELONA SUPERCOMPUTING CENTER.

See the COPYRIGHT file at the top-level directory of this distribution.

Documents already created
Data already created
Data and Documents check completed...
validation: PASS
Creating macro...
----Building Complex----
- Building a new chain.
----  Complex built ----
Running macro...

ENERGY BOND: 0.422320158725126
ENERGY BOND SGB: 236.507599686137
ENERGY ANGLE: 0.555509681749921
ENERGY ANGLE SGB: -117.893115063982
ENERGY TORSION: 0.322625704215827
ENERGY 14: -27.4280933218009
ENERGY 14 SGB: 50.6629218162077
ENERGY NBOND: 8.28256410986184
ENERGY NBOND SGB: -7.8842831883489
ENERGY CONSTRAINTS: 0
ENERGY VACUUM + SGB + CONSTRAINTS: 143.548049582766
ENERGY NON POLAR: -0.500486495146529
ENERGY SELF: -167.189130913871
ENERGY VACUUM + SGB + CONSTRAINTS + SELF + NON POLAR: -24.1415678262518

---------------------------------------------
\(^o^)/ Macro ended successfully! \(^o^)/ 
---------------------------------------------
 
*******************************************************************
*******************************************************************
 
--------------------------------------------------------------------
|                            CLUSTER F                            |
--------------------------------------------------------------------
PELE version 1.7.1.MN_180620
PELE (Protein Energy Landscape Exploration)

Copyright 2010-2020 BARCELONA SUPERCOMPUTING CENTER.

See the COPYRIGHT file at the top-level directory of this distribution.

Documents already created
Data already created
Data and Documents check completed...
validation: PASS
Creating macro...
----Building Complex----
- Building a new chain.
----  Complex built ----
Running macro...

ENERGY BOND: 0.759260025319914
ENERGY BOND SGB: 238.000877904369
ENERGY ANGLE: 0.451053879049899
ENERGY ANGLE SGB: -118.31168261715
ENERGY TORSION: 0.674872586447383
ENERGY 14: -28.1709550616984
ENERGY 14 SGB: 50.9860591218832
ENERGY NBOND: 8.87370369637468
ENERGY NBOND SGB: -8.09003973049638
ENERGY CONSTRAINTS: 0
ENERGY VACUUM + SGB + CONSTRAINTS: 145.173149804099
ENERGY NON POLAR: -0.58552051373446
ENERGY SELF: -168.515263301029
ENERGY VACUUM + SGB + CONSTRAINTS + SELF + NON POLAR: -23.9276340106644

---------------------------------------------
\(^o^)/ Macro ended successfully! \(^o^)/ 
---------------------------------------------
 
*******************************************************************
*******************************************************************
 
--------------------------------------------------------------------
|                            CLUSTER B                            |
--------------------------------------------------------------------
PELE version 1.7.1.MN_180620
PELE (Protein Energy Landscape Exploration)

Copyright 2010-2020 BARCELONA SUPERCOMPUTING CENTER.

See the COPYRIGHT file at the top-level directory of this distribution.

Documents already created
Data already created
Data and Documents check completed...
validation: PASS
Creating macro...
----Building Complex----
- Building a new chain.
----  Complex built ----
Running macro...

ENERGY BOND: 0.398014257149176
ENERGY BOND SGB: 237.295614662224
ENERGY ANGLE: 0.489856341295175
ENERGY ANGLE SGB: -118.167515203174
ENERGY TORSION: 0.397484621808556
ENERGY 14: -28.1345769219093
ENERGY 14 SGB: 51.1091444988052
ENERGY NBOND: 9.02042833824828
ENERGY NBOND SGB: -8.14917812988913
ENERGY CONSTRAINTS: 0
ENERGY VACUUM + SGB + CONSTRAINTS: 144.259272464558
ENERGY NON POLAR: -0.51195410439435
ENERGY SELF: -167.918604467268
ENERGY VACUUM + SGB + CONSTRAINTS + SELF + NON POLAR: -24.1712861071037

---------------------------------------------
\(^o^)/ Macro ended successfully! \(^o^)/ 
---------------------------------------------
 
*******************************************************************
*******************************************************************
 
--------------------------------------------------------------------
|                            CLUSTER E                            |
--------------------------------------------------------------------
PELE version 1.7.1.MN_180620
PELE (Protein Energy Landscape Exploration)

Copyright 2010-2020 BARCELONA SUPERCOMPUTING CENTER.

See the COPYRIGHT file at the top-level directory of this distribution.

Documents already created
Data already created
Data and Documents check completed...
validation: PASS
Creating macro...
----Building Complex----
- Building a new chain.
----  Complex built ----
Running macro...

ENERGY BOND: 0.524333193369822
ENERGY BOND SGB: 236.92680479128
ENERGY ANGLE: 0.485975568721243
ENERGY ANGLE SGB: -117.899529902758
ENERGY TORSION: 0.129024974904791
ENERGY 14: -28.0922568208122
ENERGY 14 SGB: 50.8347324435471
ENERGY NBOND: 8.88610879194185
ENERGY NBOND SGB: -8.03847017150473
ENERGY CONSTRAINTS: 0
ENERGY VACUUM + SGB + CONSTRAINTS: 143.75672286869
ENERGY NON POLAR: -0.496272683404097
ENERGY SELF: -167.575121568726
ENERGY VACUUM + SGB + CONSTRAINTS + SELF + NON POLAR: -24.31467138344

---------------------------------------------
\(^o^)/ Macro ended successfully! \(^o^)/ 
---------------------------------------------
 
*******************************************************************
*******************************************************************
 
--------------------------------------------------------------------
|                            CLUSTER G                            |
--------------------------------------------------------------------
PELE version 1.7.1.MN_180620
PELE (Protein Energy Landscape Exploration)

Copyright 2010-2020 BARCELONA SUPERCOMPUTING CENTER.

See the COPYRIGHT file at the top-level directory of this distribution.

Documents already created
Data already created
Data and Documents check completed...
validation: PASS
Creating macro...
----Building Complex----
- Building a new chain.
----  Complex built ----
Running macro...

ENERGY BOND: 0.486014150933059
ENERGY BOND SGB: 236.995607310429
ENERGY ANGLE: 0.451174652868605
ENERGY ANGLE SGB: -118.165620315822
ENERGY TORSION: 0.394586570351338
ENERGY 14: -28.2148443266734
ENERGY 14 SGB: 51.1338569551349
ENERGY NBOND: 9.01446220555614
ENERGY NBOND SGB: -8.15343969231451
ENERGY CONSTRAINTS: 0
ENERGY VACUUM + SGB + CONSTRAINTS: 143.941797510463
ENERGY NON POLAR: -0.528869764316809
ENERGY SELF: -167.595449925696
ENERGY VACUUM + SGB + CONSTRAINTS + SELF + NON POLAR: -24.1825221795504

---------------------------------------------
\(^o^)/ Macro ended successfully! \(^o^)/ 
---------------------------------------------
 
*******************************************************************
*******************************************************************
 
--------------------------------------------------------------------
|                            CLUSTER H                            |
--------------------------------------------------------------------
PELE version 1.7.1.MN_180620
PELE (Protein Energy Landscape Exploration)

Copyright 2010-2020 BARCELONA SUPERCOMPUTING CENTER.

See the COPYRIGHT file at the top-level directory of this distribution.

Documents already created
Data already created
Data and Documents check completed...
validation: PASS
Creating macro...
----Building Complex----
- Building a new chain.
----  Complex built ----
Running macro...

ENERGY BOND: 0.401065456254859
ENERGY BOND SGB: 235.979540164713
ENERGY ANGLE: 0.486211528520308
ENERGY ANGLE SGB: -117.811692058409
ENERGY TORSION: 0.160534610864876
ENERGY 14: -27.9559932258481
ENERGY 14 SGB: 50.9637233926966
ENERGY NBOND: 8.78258760458864
ENERGY NBOND SGB: -8.06357530097177
ENERGY CONSTRAINTS: 0
ENERGY VACUUM + SGB + CONSTRAINTS: 142.94240217241
ENERGY NON POLAR: -0.474006134877198
ENERGY SELF: -166.865052015041
ENERGY VACUUM + SGB + CONSTRAINTS + SELF + NON POLAR: -24.3966559775083

---------------------------------------------
\(^o^)/ Macro ended successfully! \(^o^)/ 
---------------------------------------------
 
*******************************************************************
*******************************************************************
 
--------------------------------------------------------------------
|                            CLUSTER C                            |
--------------------------------------------------------------------
PELE version 1.7.1.MN_180620
PELE (Protein Energy Landscape Exploration)

Copyright 2010-2020 BARCELONA SUPERCOMPUTING CENTER.

See the COPYRIGHT file at the top-level directory of this distribution.

Documents already created
Data already created
Data and Documents check completed...
validation: PASS
Creating macro...
----Building Complex----
- Building a new chain.
----  Complex built ----
Running macro...

ENERGY BOND: 0.37405975834976
ENERGY BOND SGB: 237.078278943972
ENERGY ANGLE: 0.462016555513034
ENERGY ANGLE SGB: -117.780395599745
ENERGY TORSION: 0.240766342050188
ENERGY 14: -27.83245281805
ENERGY 14 SGB: 50.5523993173192
ENERGY NBOND: 8.73316417886413
ENERGY NBOND SGB: -7.89010867551595
ENERGY CONSTRAINTS: 0
ENERGY VACUUM + SGB + CONSTRAINTS: 143.937728002758
ENERGY NON POLAR: -0.513310079076414
ENERGY SELF: -167.79581193364
ENERGY VACUUM + SGB + CONSTRAINTS + SELF + NON POLAR: -24.3713940099586

---------------------------------------------
\(^o^)/ Macro ended successfully! \(^o^)/ 
---------------------------------------------
 
*******************************************************************
*******************************************************************
 
